{"/home/user1/repos/movie-recommendation-system/backend/controllers/userController.js": {"path":"/home/user1/repos/movie-recommendation-system/backend/controllers/userController.js","statementMap":{"0":{"start":{"line":3,"column":8},"end":{"line":18,"column":9}},"1":{"start":{"line":4,"column":29},"end":{"line":4,"column":37}},"2":{"start":{"line":5,"column":24},"end":{"line":5,"column":36}},"3":{"start":{"line":6,"column":26},"end":{"line":6,"column":40}},"4":{"start":{"line":8,"column":12},"end":{"line":10,"column":13}},"5":{"start":{"line":9,"column":16},"end":{"line":9,"column":69}},"6":{"start":{"line":12,"column":35},"end":{"line":12,"column":88}},"7":{"start":{"line":13,"column":12},"end":{"line":13,"column":49}},"8":{"start":{"line":15,"column":12},"end":{"line":15,"column":37}},"9":{"start":{"line":16,"column":12},"end":{"line":16,"column":28}},"10":{"start":{"line":17,"column":12},"end":{"line":17,"column":51}},"11":{"start":{"line":22,"column":8},"end":{"line":30,"column":9}},"12":{"start":{"line":23,"column":32},"end":{"line":23,"column":74}},"13":{"start":{"line":24,"column":12},"end":{"line":25,"column":65}},"14":{"start":{"line":24,"column":29},"end":{"line":24,"column":63}},"15":{"start":{"line":25,"column":17},"end":{"line":25,"column":65}},"16":{"start":{"line":27,"column":12},"end":{"line":27,"column":37}},"17":{"start":{"line":28,"column":12},"end":{"line":28,"column":28}},"18":{"start":{"line":29,"column":12},"end":{"line":29,"column":51}},"19":{"start":{"line":34,"column":8},"end":{"line":45,"column":9}},"20":{"start":{"line":35,"column":29},"end":{"line":35,"column":37}},"21":{"start":{"line":36,"column":24},"end":{"line":36,"column":36}},"22":{"start":{"line":37,"column":26},"end":{"line":37,"column":40}},"23":{"start":{"line":39,"column":38},"end":{"line":39,"column":91}},"24":{"start":{"line":40,"column":12},"end":{"line":40,"column":52}},"25":{"start":{"line":42,"column":12},"end":{"line":42,"column":37}},"26":{"start":{"line":43,"column":12},"end":{"line":43,"column":28}},"27":{"start":{"line":44,"column":12},"end":{"line":44,"column":51}},"28":{"start":{"line":49,"column":8},"end":{"line":56,"column":9}},"29":{"start":{"line":50,"column":12},"end":{"line":51,"column":65}},"30":{"start":{"line":50,"column":63},"end":{"line":50,"column":122}},"31":{"start":{"line":51,"column":17},"end":{"line":51,"column":65}},"32":{"start":{"line":53,"column":12},"end":{"line":53,"column":37}},"33":{"start":{"line":54,"column":12},"end":{"line":54,"column":28}},"34":{"start":{"line":55,"column":12},"end":{"line":55,"column":51}}},"fnMap":{"0":{"name":"(anonymous_0)","decl":{"start":{"line":2,"column":4},"end":{"line":2,"column":5}},"loc":{"start":{"line":2,"column":54},"end":{"line":19,"column":5}},"line":2},"1":{"name":"(anonymous_1)","decl":{"start":{"line":21,"column":4},"end":{"line":21,"column":5}},"loc":{"start":{"line":21,"column":51},"end":{"line":31,"column":5}},"line":21},"2":{"name":"(anonymous_2)","decl":{"start":{"line":33,"column":4},"end":{"line":33,"column":5}},"loc":{"start":{"line":33,"column":54},"end":{"line":46,"column":5}},"line":33},"3":{"name":"(anonymous_3)","decl":{"start":{"line":48,"column":4},"end":{"line":48,"column":5}},"loc":{"start":{"line":48,"column":54},"end":{"line":57,"column":5}},"line":48}},"branchMap":{"0":{"loc":{"start":{"line":8,"column":12},"end":{"line":10,"column":13}},"type":"if","locations":[{"start":{"line":8,"column":12},"end":{"line":10,"column":13}},{"start":{},"end":{}}],"line":8},"1":{"loc":{"start":{"line":24,"column":12},"end":{"line":25,"column":65}},"type":"if","locations":[{"start":{"line":24,"column":12},"end":{"line":25,"column":65}},{"start":{"line":25,"column":17},"end":{"line":25,"column":65}}],"line":24},"2":{"loc":{"start":{"line":50,"column":12},"end":{"line":51,"column":65}},"type":"if","locations":[{"start":{"line":50,"column":12},"end":{"line":51,"column":65}},{"start":{"line":51,"column":17},"end":{"line":51,"column":65}}],"line":50}},"s":{"0":5,"1":5,"2":5,"3":5,"4":5,"5":1,"6":4,"7":2,"8":2,"9":2,"10":2,"11":3,"12":3,"13":2,"14":1,"15":1,"16":1,"17":1,"18":1,"19":2,"20":2,"21":2,"22":2,"23":2,"24":1,"25":1,"26":1,"27":1,"28":3,"29":3,"30":1,"31":1,"32":1,"33":1,"34":1},"f":{"0":5,"1":3,"2":2,"3":3},"b":{"0":[1,4],"1":[1,1],"2":[1,1]},"inputSourceMap":null,"_coverageSchema":"1a1c01bbd47fc00a2c39e90264f33305004495a9","hash":"d3065bfffdcbdb970cdaf53b8d7f252f27b12892"}
,"/home/user1/repos/movie-recommendation-system/backend/controllers/webUserController.js": {"path":"/home/user1/repos/movie-recommendation-system/backend/controllers/webUserController.js","statementMap":{"0":{"start":{"line":6,"column":8},"end":{"line":6,"column":71}},"1":{"start":{"line":10,"column":8},"end":{"line":10,"column":68}},"2":{"start":{"line":14,"column":8},"end":{"line":14,"column":71}},"3":{"start":{"line":18,"column":8},"end":{"line":18,"column":71}},"4":{"start":{"line":22,"column":8},"end":{"line":37,"column":9}},"5":{"start":{"line":23,"column":34},"end":{"line":23,"column":42}},"6":{"start":{"line":25,"column":12},"end":{"line":27,"column":13}},"7":{"start":{"line":26,"column":16},"end":{"line":26,"column":107}},"8":{"start":{"line":26,"column":44},"end":{"line":26,"column":107}},"9":{"start":{"line":29,"column":27},"end":{"line":29,"column":82}},"10":{"start":{"line":30,"column":12},"end":{"line":32,"column":62}},"11":{"start":{"line":31,"column":16},"end":{"line":31,"column":52}},"12":{"start":{"line":32,"column":19},"end":{"line":32,"column":62}},"13":{"start":{"line":34,"column":12},"end":{"line":34,"column":37}},"14":{"start":{"line":35,"column":12},"end":{"line":35,"column":28}},"15":{"start":{"line":36,"column":12},"end":{"line":36,"column":51}},"16":{"start":{"line":41,"column":8},"end":{"line":52,"column":9}},"17":{"start":{"line":42,"column":24},"end":{"line":42,"column":36}},"18":{"start":{"line":43,"column":30},"end":{"line":43,"column":68}},"19":{"start":{"line":44,"column":12},"end":{"line":47,"column":13}},"20":{"start":{"line":44,"column":27},"end":{"line":44,"column":66}},"21":{"start":{"line":46,"column":16},"end":{"line":46,"column":60}},"22":{"start":{"line":49,"column":12},"end":{"line":49,"column":37}},"23":{"start":{"line":50,"column":12},"end":{"line":50,"column":28}},"24":{"start":{"line":51,"column":12},"end":{"line":51,"column":51}},"25":{"start":{"line":56,"column":8},"end":{"line":75,"column":9}},"26":{"start":{"line":57,"column":30},"end":{"line":57,"column":38}},"27":{"start":{"line":58,"column":24},"end":{"line":58,"column":36}},"28":{"start":{"line":60,"column":12},"end":{"line":63,"column":13}},"29":{"start":{"line":61,"column":16},"end":{"line":61,"column":32}},"30":{"start":{"line":62,"column":16},"end":{"line":62,"column":54}},"31":{"start":{"line":65,"column":34},"end":{"line":65,"column":82}},"32":{"start":{"line":66,"column":12},"end":{"line":70,"column":13}},"33":{"start":{"line":66,"column":31},"end":{"line":66,"column":74}},"34":{"start":{"line":68,"column":16},"end":{"line":68,"column":32}},"35":{"start":{"line":69,"column":16},"end":{"line":69,"column":49}},"36":{"start":{"line":72,"column":12},"end":{"line":72,"column":37}},"37":{"start":{"line":73,"column":12},"end":{"line":73,"column":28}},"38":{"start":{"line":74,"column":12},"end":{"line":74,"column":51}},"39":{"start":{"line":79,"column":8},"end":{"line":98,"column":9}},"40":{"start":{"line":80,"column":31},"end":{"line":80,"column":44}},"41":{"start":{"line":81,"column":24},"end":{"line":81,"column":36}},"42":{"start":{"line":83,"column":12},"end":{"line":86,"column":13}},"43":{"start":{"line":84,"column":16},"end":{"line":84,"column":32}},"44":{"start":{"line":85,"column":16},"end":{"line":85,"column":51}},"45":{"start":{"line":88,"column":30},"end":{"line":88,"column":82}},"46":{"start":{"line":89,"column":12},"end":{"line":93,"column":13}},"47":{"start":{"line":89,"column":27},"end":{"line":89,"column":96}},"48":{"start":{"line":91,"column":16},"end":{"line":91,"column":32}},"49":{"start":{"line":92,"column":16},"end":{"line":92,"column":63}},"50":{"start":{"line":95,"column":12},"end":{"line":95,"column":37}},"51":{"start":{"line":96,"column":12},"end":{"line":96,"column":28}},"52":{"start":{"line":97,"column":12},"end":{"line":97,"column":51}}},"fnMap":{"0":{"name":"(anonymous_0)","decl":{"start":{"line":5,"column":4},"end":{"line":5,"column":5}},"loc":{"start":{"line":5,"column":45},"end":{"line":7,"column":5}},"line":5},"1":{"name":"(anonymous_1)","decl":{"start":{"line":9,"column":4},"end":{"line":9,"column":5}},"loc":{"start":{"line":9,"column":42},"end":{"line":11,"column":5}},"line":9},"2":{"name":"(anonymous_2)","decl":{"start":{"line":13,"column":4},"end":{"line":13,"column":5}},"loc":{"start":{"line":13,"column":45},"end":{"line":15,"column":5}},"line":13},"3":{"name":"(anonymous_3)","decl":{"start":{"line":17,"column":4},"end":{"line":17,"column":5}},"loc":{"start":{"line":17,"column":45},"end":{"line":19,"column":5}},"line":17},"4":{"name":"(anonymous_4)","decl":{"start":{"line":21,"column":4},"end":{"line":21,"column":5}},"loc":{"start":{"line":21,"column":47},"end":{"line":38,"column":5}},"line":21},"5":{"name":"(anonymous_5)","decl":{"start":{"line":40,"column":4},"end":{"line":40,"column":5}},"loc":{"start":{"line":40,"column":40},"end":{"line":53,"column":5}},"line":40},"6":{"name":"(anonymous_6)","decl":{"start":{"line":55,"column":4},"end":{"line":55,"column":5}},"loc":{"start":{"line":55,"column":39},"end":{"line":76,"column":5}},"line":55},"7":{"name":"(anonymous_7)","decl":{"start":{"line":78,"column":4},"end":{"line":78,"column":5}},"loc":{"start":{"line":78,"column":42},"end":{"line":99,"column":5}},"line":78}},"branchMap":{"0":{"loc":{"start":{"line":26,"column":16},"end":{"line":26,"column":107}},"type":"if","locations":[{"start":{"line":26,"column":16},"end":{"line":26,"column":107}},{"start":{},"end":{}}],"line":26},"1":{"loc":{"start":{"line":30,"column":12},"end":{"line":32,"column":62}},"type":"if","locations":[{"start":{"line":30,"column":12},"end":{"line":32,"column":62}},{"start":{"line":32,"column":19},"end":{"line":32,"column":62}}],"line":30},"2":{"loc":{"start":{"line":44,"column":12},"end":{"line":47,"column":13}},"type":"if","locations":[{"start":{"line":44,"column":12},"end":{"line":47,"column":13}},{"start":{"line":45,"column":17},"end":{"line":47,"column":13}}],"line":44},"3":{"loc":{"start":{"line":60,"column":12},"end":{"line":63,"column":13}},"type":"if","locations":[{"start":{"line":60,"column":12},"end":{"line":63,"column":13}},{"start":{},"end":{}}],"line":60},"4":{"loc":{"start":{"line":60,"column":16},"end":{"line":60,"column":46}},"type":"binary-expr","locations":[{"start":{"line":60,"column":16},"end":{"line":60,"column":26}},{"start":{"line":60,"column":30},"end":{"line":60,"column":46}}],"line":60},"5":{"loc":{"start":{"line":66,"column":12},"end":{"line":70,"column":13}},"type":"if","locations":[{"start":{"line":66,"column":12},"end":{"line":70,"column":13}},{"start":{"line":67,"column":17},"end":{"line":70,"column":13}}],"line":66},"6":{"loc":{"start":{"line":83,"column":12},"end":{"line":86,"column":13}},"type":"if","locations":[{"start":{"line":83,"column":12},"end":{"line":86,"column":13}},{"start":{},"end":{}}],"line":83},"7":{"loc":{"start":{"line":89,"column":12},"end":{"line":93,"column":13}},"type":"if","locations":[{"start":{"line":89,"column":12},"end":{"line":93,"column":13}},{"start":{"line":90,"column":17},"end":{"line":93,"column":13}}],"line":89}},"s":{"0":2,"1":0,"2":0,"3":0,"4":3,"5":3,"6":3,"7":5,"8":1,"9":2,"10":1,"11":1,"12":0,"13":1,"14":1,"15":1,"16":3,"17":3,"18":3,"19":2,"20":1,"21":1,"22":1,"23":1,"24":1,"25":3,"26":3,"27":3,"28":3,"29":1,"30":1,"31":2,"32":2,"33":1,"34":1,"35":1,"36":2,"37":2,"38":2,"39":4,"40":4,"41":4,"42":4,"43":1,"44":1,"45":3,"46":2,"47":1,"48":1,"49":1,"50":3,"51":3,"52":3},"f":{"0":2,"1":0,"2":0,"3":0,"4":3,"5":3,"6":3,"7":4},"b":{"0":[1,4],"1":[1,0],"2":[1,1],"3":[1,2],"4":[3,3],"5":[1,1],"6":[1,3],"7":[1,1]},"inputSourceMap":null,"_coverageSchema":"1a1c01bbd47fc00a2c39e90264f33305004495a9","hash":"a7f8c42147c7052a15fb38d95bef4be4bb010c3b"}
,"/home/user1/repos/movie-recommendation-system/backend/models/userModel.js": {"path":"/home/user1/repos/movie-recommendation-system/backend/models/userModel.js","statementMap":{"0":{"start":{"line":5,"column":27},"end":{"line":5,"column":60}},"1":{"start":{"line":6,"column":4},"end":{"line":6,"column":42}},"2":{"start":{"line":7,"column":21},"end":{"line":7,"column":55}},"3":{"start":{"line":8,"column":4},"end":{"line":9,"column":21}},"4":{"start":{"line":8,"column":27},"end":{"line":8,"column":49}},"5":{"start":{"line":9,"column":9},"end":{"line":9,"column":21}},"6":{"start":{"line":13,"column":27},"end":{"line":13,"column":60}},"7":{"start":{"line":14,"column":21},"end":{"line":14,"column":55}},"8":{"start":{"line":16,"column":4},"end":{"line":17,"column":21}},"9":{"start":{"line":16,"column":27},"end":{"line":16,"column":49}},"10":{"start":{"line":17,"column":9},"end":{"line":17,"column":21}},"11":{"start":{"line":21,"column":27},"end":{"line":21,"column":60}},"12":{"start":{"line":22,"column":24},"end":{"line":22,"column":58}},"13":{"start":{"line":23,"column":4},"end":{"line":41,"column":5}},"14":{"start":{"line":24,"column":29},"end":{"line":27,"column":7}},"15":{"start":{"line":29,"column":6},"end":{"line":29,"column":50}},"16":{"start":{"line":31,"column":26},"end":{"line":31,"column":60}},"17":{"start":{"line":32,"column":6},"end":{"line":33,"column":23}},"18":{"start":{"line":32,"column":32},"end":{"line":32,"column":57}},"19":{"start":{"line":33,"column":11},"end":{"line":33,"column":23}},"20":{"start":{"line":35,"column":26},"end":{"line":38,"column":7}},"21":{"start":{"line":40,"column":6},"end":{"line":40,"column":66}},"22":{"start":{"line":45,"column":27},"end":{"line":45,"column":60}},"23":{"start":{"line":46,"column":4},"end":{"line":52,"column":5}},"24":{"start":{"line":47,"column":6},"end":{"line":47,"column":36}},"25":{"start":{"line":48,"column":6},"end":{"line":48,"column":18}},"26":{"start":{"line":50,"column":6},"end":{"line":50,"column":23}},"27":{"start":{"line":51,"column":6},"end":{"line":51,"column":19}}},"fnMap":{"0":{"name":"(anonymous_0)","decl":{"start":{"line":4,"column":2},"end":{"line":4,"column":3}},"loc":{"start":{"line":4,"column":58},"end":{"line":10,"column":3}},"line":4},"1":{"name":"(anonymous_1)","decl":{"start":{"line":12,"column":2},"end":{"line":12,"column":3}},"loc":{"start":{"line":12,"column":42},"end":{"line":18,"column":3}},"line":12},"2":{"name":"(anonymous_2)","decl":{"start":{"line":20,"column":2},"end":{"line":20,"column":3}},"loc":{"start":{"line":20,"column":64},"end":{"line":42,"column":3}},"line":20},"3":{"name":"(anonymous_3)","decl":{"start":{"line":44,"column":2},"end":{"line":44,"column":3}},"loc":{"start":{"line":44,"column":45},"end":{"line":53,"column":3}},"line":44}},"branchMap":{"0":{"loc":{"start":{"line":8,"column":4},"end":{"line":9,"column":21}},"type":"if","locations":[{"start":{"line":8,"column":4},"end":{"line":9,"column":21}},{"start":{"line":9,"column":9},"end":{"line":9,"column":21}}],"line":8},"1":{"loc":{"start":{"line":16,"column":4},"end":{"line":17,"column":21}},"type":"if","locations":[{"start":{"line":16,"column":4},"end":{"line":17,"column":21}},{"start":{"line":17,"column":9},"end":{"line":17,"column":21}}],"line":16},"2":{"loc":{"start":{"line":23,"column":4},"end":{"line":41,"column":5}},"type":"if","locations":[{"start":{"line":23,"column":4},"end":{"line":41,"column":5}},{"start":{"line":34,"column":11},"end":{"line":41,"column":5}}],"line":23},"3":{"loc":{"start":{"line":32,"column":6},"end":{"line":33,"column":23}},"type":"if","locations":[{"start":{"line":32,"column":6},"end":{"line":33,"column":23}},{"start":{"line":33,"column":11},"end":{"line":33,"column":23}}],"line":32}},"s":{"0":4,"1":4,"2":4,"3":4,"4":3,"5":1,"6":3,"7":3,"8":3,"9":2,"10":1,"11":4,"12":4,"13":4,"14":3,"15":3,"16":3,"17":3,"18":2,"19":1,"20":1,"21":1,"22":3,"23":3,"24":3,"25":2,"26":1,"27":1},"f":{"0":4,"1":3,"2":4,"3":3},"b":{"0":[3,1],"1":[2,1],"2":[3,1],"3":[2,1]},"inputSourceMap":null,"_coverageSchema":"1a1c01bbd47fc00a2c39e90264f33305004495a9","hash":"ec6ec17e1688278a8030a3129bc6106fa7936e69"}
,"/home/user1/repos/movie-recommendation-system/backend/models/webUserModel.js": {"path":"/home/user1/repos/movie-recommendation-system/backend/models/webUserModel.js","statementMap":{"0":{"start":{"line":5,"column":18},"end":{"line":5,"column":29}},"1":{"start":{"line":8,"column":4},"end":{"line":8,"column":72}},"2":{"start":{"line":12,"column":4},"end":{"line":12,"column":56}},"3":{"start":{"line":16,"column":4},"end":{"line":16,"column":78}},"4":{"start":{"line":20,"column":6},"end":{"line":27,"column":7}},"5":{"start":{"line":21,"column":8},"end":{"line":21,"column":65}},"6":{"start":{"line":22,"column":8},"end":{"line":22,"column":63}},"7":{"start":{"line":24,"column":8},"end":{"line":24,"column":25}},"8":{"start":{"line":25,"column":8},"end":{"line":25,"column":24}},"9":{"start":{"line":26,"column":8},"end":{"line":26,"column":21}},"10":{"start":{"line":31,"column":24},"end":{"line":31,"column":65}},"11":{"start":{"line":32,"column":4},"end":{"line":41,"column":5}},"12":{"start":{"line":33,"column":23},"end":{"line":33,"column":56}},"13":{"start":{"line":34,"column":26},"end":{"line":34,"column":38}},"14":{"start":{"line":35,"column":6},"end":{"line":35,"column":104}},"15":{"start":{"line":36,"column":6},"end":{"line":36,"column":62}},"16":{"start":{"line":37,"column":6},"end":{"line":37,"column":55}},"17":{"start":{"line":39,"column":6},"end":{"line":39,"column":49}},"18":{"start":{"line":40,"column":6},"end":{"line":40,"column":18}},"19":{"start":{"line":45,"column":24},"end":{"line":45,"column":65}},"20":{"start":{"line":46,"column":4},"end":{"line":59,"column":5}},"21":{"start":{"line":47,"column":23},"end":{"line":47,"column":54}},"22":{"start":{"line":48,"column":30},"end":{"line":48,"column":44}},"23":{"start":{"line":50,"column":6},"end":{"line":55,"column":25}},"24":{"start":{"line":51,"column":31},"end":{"line":53,"column":10}},"25":{"start":{"line":52,"column":10},"end":{"line":52,"column":62}},"26":{"start":{"line":54,"column":8},"end":{"line":54,"column":30}},"27":{"start":{"line":55,"column":13},"end":{"line":55,"column":25}},"28":{"start":{"line":57,"column":6},"end":{"line":57,"column":51}},"29":{"start":{"line":58,"column":6},"end":{"line":58,"column":18}},"30":{"start":{"line":63,"column":24},"end":{"line":63,"column":79}},"31":{"start":{"line":64,"column":4},"end":{"line":71,"column":5}},"32":{"start":{"line":65,"column":6},"end":{"line":65,"column":33}},"33":{"start":{"line":66,"column":6},"end":{"line":66,"column":77}},"34":{"start":{"line":67,"column":6},"end":{"line":67,"column":24}},"35":{"start":{"line":69,"column":6},"end":{"line":69,"column":99}},"36":{"start":{"line":70,"column":6},"end":{"line":70,"column":18}}},"fnMap":{"0":{"name":"(anonymous_0)","decl":{"start":{"line":7,"column":2},"end":{"line":7,"column":3}},"loc":{"start":{"line":7,"column":51},"end":{"line":9,"column":3}},"line":7},"1":{"name":"(anonymous_1)","decl":{"start":{"line":11,"column":2},"end":{"line":11,"column":3}},"loc":{"start":{"line":11,"column":35},"end":{"line":13,"column":3}},"line":11},"2":{"name":"(anonymous_2)","decl":{"start":{"line":15,"column":2},"end":{"line":15,"column":3}},"loc":{"start":{"line":15,"column":57},"end":{"line":17,"column":3}},"line":15},"3":{"name":"(anonymous_3)","decl":{"start":{"line":19,"column":2},"end":{"line":19,"column":3}},"loc":{"start":{"line":19,"column":38},"end":{"line":28,"column":5}},"line":19},"4":{"name":"(anonymous_4)","decl":{"start":{"line":30,"column":2},"end":{"line":30,"column":3}},"loc":{"start":{"line":30,"column":43},"end":{"line":42,"column":3}},"line":30},"5":{"name":"(anonymous_5)","decl":{"start":{"line":44,"column":2},"end":{"line":44,"column":3}},"loc":{"start":{"line":44,"column":33},"end":{"line":60,"column":3}},"line":44},"6":{"name":"(anonymous_6)","decl":{"start":{"line":51,"column":64},"end":{"line":51,"column":65}},"loc":{"start":{"line":51,"column":71},"end":{"line":53,"column":9}},"line":51},"7":{"name":"(anonymous_7)","decl":{"start":{"line":62,"column":2},"end":{"line":62,"column":3}},"loc":{"start":{"line":62,"column":47},"end":{"line":72,"column":3}},"line":62}},"branchMap":{"0":{"loc":{"start":{"line":50,"column":6},"end":{"line":55,"column":25}},"type":"if","locations":[{"start":{"line":50,"column":6},"end":{"line":55,"column":25}},{"start":{"line":55,"column":13},"end":{"line":55,"column":25}}],"line":50}},"s":{"0":1,"1":1,"2":1,"3":1,"4":2,"5":2,"6":1,"7":1,"8":1,"9":1,"10":2,"11":2,"12":2,"13":1,"14":1,"15":1,"16":1,"17":1,"18":1,"19":3,"20":3,"21":3,"22":2,"23":2,"24":1,"25":2,"26":1,"27":1,"28":1,"29":1,"30":2,"31":2,"32":2,"33":1,"34":1,"35":1,"36":1},"f":{"0":1,"1":1,"2":1,"3":2,"4":2,"5":3,"6":2,"7":2},"b":{"0":[1,1]},"inputSourceMap":null,"_coverageSchema":"1a1c01bbd47fc00a2c39e90264f33305004495a9","hash":"1641009552087d1fe00c8dad7eb025798e901df2"}
,"/home/user1/repos/movie-recommendation-system/backend/services/userService.js": {"path":"/home/user1/repos/movie-recommendation-system/backend/services/userService.js","statementMap":{"0":{"start":{"line":5,"column":26},"end":{"line":5,"column":71}},"1":{"start":{"line":6,"column":27},"end":{"line":6,"column":62}},"2":{"start":{"line":8,"column":8},"end":{"line":11,"column":9}},"3":{"start":{"line":8,"column":33},"end":{"line":8,"column":65}},"4":{"start":{"line":9,"column":13},"end":{"line":11,"column":9}},"5":{"start":{"line":10,"column":12},"end":{"line":10,"column":45}},"6":{"start":{"line":15,"column":8},"end":{"line":19,"column":9}},"7":{"start":{"line":16,"column":12},"end":{"line":16,"column":60}},"8":{"start":{"line":18,"column":12},"end":{"line":18,"column":20}},"9":{"start":{"line":21,"column":21},"end":{"line":21,"column":45}},"10":{"start":{"line":23,"column":28},"end":{"line":28,"column":9}},"11":{"start":{"line":30,"column":8},"end":{"line":30,"column":63}},"12":{"start":{"line":34,"column":8},"end":{"line":34,"column":47}},"13":{"start":{"line":38,"column":8},"end":{"line":42,"column":9}},"14":{"start":{"line":39,"column":12},"end":{"line":39,"column":60}},"15":{"start":{"line":41,"column":12},"end":{"line":41,"column":20}},"16":{"start":{"line":44,"column":34},"end":{"line":48,"column":9}},"17":{"start":{"line":50,"column":8},"end":{"line":50,"column":69}},"18":{"start":{"line":54,"column":8},"end":{"line":54,"column":50}}},"fnMap":{"0":{"name":"(anonymous_0)","decl":{"start":{"line":4,"column":4},"end":{"line":4,"column":5}},"loc":{"start":{"line":4,"column":54},"end":{"line":12,"column":5}},"line":4},"1":{"name":"(anonymous_1)","decl":{"start":{"line":14,"column":4},"end":{"line":14,"column":5}},"loc":{"start":{"line":14,"column":64},"end":{"line":31,"column":5}},"line":14},"2":{"name":"(anonymous_2)","decl":{"start":{"line":33,"column":4},"end":{"line":33,"column":5}},"loc":{"start":{"line":33,"column":44},"end":{"line":35,"column":5}},"line":33},"3":{"name":"(anonymous_3)","decl":{"start":{"line":37,"column":4},"end":{"line":37,"column":5}},"loc":{"start":{"line":37,"column":64},"end":{"line":51,"column":5}},"line":37},"4":{"name":"(anonymous_4)","decl":{"start":{"line":53,"column":4},"end":{"line":53,"column":5}},"loc":{"start":{"line":53,"column":47},"end":{"line":55,"column":5}},"line":53}},"branchMap":{"0":{"loc":{"start":{"line":8,"column":8},"end":{"line":11,"column":9}},"type":"if","locations":[{"start":{"line":8,"column":8},"end":{"line":11,"column":9}},{"start":{"line":9,"column":13},"end":{"line":11,"column":9}}],"line":8},"1":{"loc":{"start":{"line":9,"column":13},"end":{"line":11,"column":9}},"type":"if","locations":[{"start":{"line":9,"column":13},"end":{"line":11,"column":9}},{"start":{},"end":{}}],"line":9},"2":{"loc":{"start":{"line":9,"column":17},"end":{"line":9,"column":73}},"type":"binary-expr","locations":[{"start":{"line":9,"column":17},"end":{"line":9,"column":23}},{"start":{"line":9,"column":27},"end":{"line":9,"column":46}},{"start":{"line":9,"column":50},"end":{"line":9,"column":73}}],"line":9}},"s":{"0":9,"1":9,"2":9,"3":3,"4":6,"5":1,"6":3,"7":3,"8":1,"9":2,"10":2,"11":2,"12":2,"13":3,"14":3,"15":1,"16":2,"17":2,"18":2},"f":{"0":9,"1":3,"2":2,"3":3,"4":2},"b":{"0":[3,6],"1":[1,5],"2":[6,6,6]},"inputSourceMap":null,"_coverageSchema":"1a1c01bbd47fc00a2c39e90264f33305004495a9","hash":"226edf6f7342a12fae1d9eb40ec9024a95602c73"}
,"/home/user1/repos/movie-recommendation-system/backend/services/webUserService.js": {"path":"/home/user1/repos/movie-recommendation-system/backend/services/webUserService.js","statementMap":{"0":{"start":{"line":7,"column":31},"end":{"line":7,"column":96}},"1":{"start":{"line":8,"column":8},"end":{"line":8,"column":30}},"2":{"start":{"line":12,"column":8},"end":{"line":12,"column":61}},"3":{"start":{"line":16,"column":8},"end":{"line":16,"column":81}},"4":{"start":{"line":20,"column":8},"end":{"line":20,"column":64}},"5":{"start":{"line":24,"column":8},"end":{"line":24,"column":62}},"6":{"start":{"line":28,"column":8},"end":{"line":28,"column":52}},"7":{"start":{"line":32,"column":8},"end":{"line":32,"column":66}},"8":{"start":{"line":38,"column":8},"end":{"line":47,"column":56}},"9":{"start":{"line":45,"column":26},"end":{"line":45,"column":41}},"10":{"start":{"line":46,"column":22},"end":{"line":46,"column":36}},"11":{"start":{"line":47,"column":24},"end":{"line":47,"column":54}},"12":{"start":{"line":49,"column":8},"end":{"line":50,"column":25}},"13":{"start":{"line":49,"column":21},"end":{"line":49,"column":36}},"14":{"start":{"line":50,"column":13},"end":{"line":50,"column":25}}},"fnMap":{"0":{"name":"(anonymous_0)","decl":{"start":{"line":6,"column":4},"end":{"line":6,"column":5}},"loc":{"start":{"line":6,"column":57},"end":{"line":9,"column":5}},"line":6},"1":{"name":"(anonymous_1)","decl":{"start":{"line":11,"column":4},"end":{"line":11,"column":5}},"loc":{"start":{"line":11,"column":37},"end":{"line":13,"column":5}},"line":11},"2":{"name":"(anonymous_2)","decl":{"start":{"line":15,"column":4},"end":{"line":15,"column":5}},"loc":{"start":{"line":15,"column":57},"end":{"line":17,"column":5}},"line":15},"3":{"name":"(anonymous_3)","decl":{"start":{"line":19,"column":4},"end":{"line":19,"column":5}},"loc":{"start":{"line":19,"column":40},"end":{"line":21,"column":5}},"line":19},"4":{"name":"(anonymous_4)","decl":{"start":{"line":23,"column":4},"end":{"line":23,"column":5}},"loc":{"start":{"line":23,"column":45},"end":{"line":25,"column":5}},"line":23},"5":{"name":"(anonymous_5)","decl":{"start":{"line":27,"column":4},"end":{"line":27,"column":5}},"loc":{"start":{"line":27,"column":35},"end":{"line":29,"column":5}},"line":27},"6":{"name":"(anonymous_6)","decl":{"start":{"line":31,"column":4},"end":{"line":31,"column":5}},"loc":{"start":{"line":31,"column":49},"end":{"line":33,"column":5}},"line":31},"7":{"name":"(anonymous_7)","decl":{"start":{"line":35,"column":4},"end":{"line":35,"column":5}},"loc":{"start":{"line":35,"column":52},"end":{"line":51,"column":5}},"line":35},"8":{"name":"(anonymous_8)","decl":{"start":{"line":45,"column":14},"end":{"line":45,"column":15}},"loc":{"start":{"line":45,"column":26},"end":{"line":45,"column":41}},"line":45},"9":{"name":"(anonymous_9)","decl":{"start":{"line":46,"column":14},"end":{"line":46,"column":15}},"loc":{"start":{"line":46,"column":22},"end":{"line":46,"column":36}},"line":46},"10":{"name":"(anonymous_10)","decl":{"start":{"line":47,"column":15},"end":{"line":47,"column":16}},"loc":{"start":{"line":47,"column":24},"end":{"line":47,"column":54}},"line":47}},"branchMap":{"0":{"loc":{"start":{"line":49,"column":8},"end":{"line":50,"column":25}},"type":"if","locations":[{"start":{"line":49,"column":8},"end":{"line":50,"column":25}},{"start":{"line":50,"column":13},"end":{"line":50,"column":25}}],"line":49}},"s":{"0":1,"1":1,"2":1,"3":1,"4":1,"5":2,"6":2,"7":1,"8":3,"9":2,"10":2,"11":1,"12":3,"13":1,"14":2},"f":{"0":1,"1":1,"2":1,"3":1,"4":2,"5":2,"6":1,"7":3,"8":2,"9":2,"10":1},"b":{"0":[1,2]},"inputSourceMap":null,"_coverageSchema":"1a1c01bbd47fc00a2c39e90264f33305004495a9","hash":"8e7d3bf87d8104e59a62b0197da566e065375d41"}
,"/home/user1/repos/movie-recommendation-system/backend/utils/errors.js": {"path":"/home/user1/repos/movie-recommendation-system/backend/utils/errors.js","statementMap":{"0":{"start":{"line":3,"column":8},"end":{"line":3,"column":23}},"1":{"start":{"line":4,"column":8},"end":{"line":4,"column":45}},"2":{"start":{"line":5,"column":8},"end":{"line":5,"column":26}},"3":{"start":{"line":11,"column":8},"end":{"line":11,"column":23}},"4":{"start":{"line":12,"column":8},"end":{"line":12,"column":42}},"5":{"start":{"line":13,"column":8},"end":{"line":13,"column":35}},"6":{"start":{"line":19,"column":8},"end":{"line":19,"column":23}},"7":{"start":{"line":20,"column":8},"end":{"line":20,"column":43}},"8":{"start":{"line":21,"column":8},"end":{"line":21,"column":35}},"9":{"start":{"line":27,"column":8},"end":{"line":27,"column":23}},"10":{"start":{"line":28,"column":8},"end":{"line":28,"column":43}},"11":{"start":{"line":29,"column":8},"end":{"line":29,"column":26}}},"fnMap":{"0":{"name":"(anonymous_0)","decl":{"start":{"line":2,"column":4},"end":{"line":2,"column":5}},"loc":{"start":{"line":2,"column":64},"end":{"line":6,"column":5}},"line":2},"1":{"name":"(anonymous_1)","decl":{"start":{"line":10,"column":4},"end":{"line":10,"column":5}},"loc":{"start":{"line":10,"column":100},"end":{"line":14,"column":5}},"line":10},"2":{"name":"(anonymous_2)","decl":{"start":{"line":18,"column":4},"end":{"line":18,"column":5}},"loc":{"start":{"line":18,"column":55},"end":{"line":22,"column":5}},"line":18},"3":{"name":"(anonymous_3)","decl":{"start":{"line":26,"column":4},"end":{"line":26,"column":5}},"loc":{"start":{"line":26,"column":62},"end":{"line":30,"column":5}},"line":26}},"branchMap":{"0":{"loc":{"start":{"line":2,"column":16},"end":{"line":2,"column":62}},"type":"default-arg","locations":[{"start":{"line":2,"column":26},"end":{"line":2,"column":62}}],"line":2},"1":{"loc":{"start":{"line":10,"column":16},"end":{"line":10,"column":98}},"type":"default-arg","locations":[{"start":{"line":10,"column":26},"end":{"line":10,"column":98}}],"line":10},"2":{"loc":{"start":{"line":18,"column":16},"end":{"line":18,"column":53}},"type":"default-arg","locations":[{"start":{"line":18,"column":26},"end":{"line":18,"column":53}}],"line":18},"3":{"loc":{"start":{"line":26,"column":16},"end":{"line":26,"column":60}},"type":"default-arg","locations":[{"start":{"line":26,"column":26},"end":{"line":26,"column":60}}],"line":26}},"s":{"0":10,"1":10,"2":10,"3":5,"4":5,"5":5,"6":3,"7":3,"8":3,"9":2,"10":2,"11":2},"f":{"0":10,"1":5,"2":3,"3":2},"b":{"0":[1],"1":[4],"2":[2],"3":[1]},"inputSourceMap":null,"_coverageSchema":"1a1c01bbd47fc00a2c39e90264f33305004495a9","hash":"92dc99855a8ecfa54227e57f74dcd824263606f4"}
,"/home/user1/repos/movie-recommendation-system/backend/utils/firebaseConfig.js": {"path":"/home/user1/repos/movie-recommendation-system/backend/utils/firebaseConfig.js","statementMap":{"0":{"start":{"line":4,"column":12},"end":{"line":7,"column":2}},"1":{"start":{"line":9,"column":20},"end":{"line":9,"column":35}},"2":{"start":{"line":10,"column":18},"end":{"line":10,"column":37}}},"fnMap":{},"branchMap":{},"s":{"0":1,"1":1,"2":1},"f":{},"b":{},"inputSourceMap":null,"_coverageSchema":"1a1c01bbd47fc00a2c39e90264f33305004495a9","hash":"ab0ea06c4ee838f338ee33cd6d459d8f9f370f19"}
}
