TN:
SF:controllers/userController.js
FN:2,(anonymous_0)
FN:21,(anonymous_1)
FN:33,(anonymous_2)
FN:48,(anonymous_3)
FNF:4
FNH:4
FNDA:5,(anonymous_0)
FNDA:3,(anonymous_1)
FNDA:2,(anonymous_2)
FNDA:3,(anonymous_3)
DA:3,5
DA:4,5
DA:5,5
DA:6,5
DA:8,5
DA:9,1
DA:12,4
DA:13,2
DA:15,2
DA:16,2
DA:17,2
DA:22,3
DA:23,3
DA:24,2
DA:25,1
DA:27,1
DA:28,1
DA:29,1
DA:34,2
DA:35,2
DA:36,2
DA:37,2
DA:39,2
DA:40,1
DA:42,1
DA:43,1
DA:44,1
DA:49,3
DA:50,3
DA:51,1
DA:53,1
DA:54,1
DA:55,1
LF:33
LH:33
BRDA:8,0,0,1
BRDA:8,0,1,4
BRDA:24,1,0,1
BRDA:24,1,1,1
BRDA:50,2,0,1
BRDA:50,2,1,1
BRF:6
BRH:6
end_of_record
TN:
SF:controllers/webUserController.js
FN:5,(anonymous_0)
FN:9,(anonymous_1)
FN:13,(anonymous_2)
FN:17,(anonymous_3)
FN:21,(anonymous_4)
FN:40,(anonymous_5)
FN:55,(anonymous_6)
FN:78,(anonymous_7)
FNF:8
FNH:5
FNDA:2,(anonymous_0)
FNDA:0,(anonymous_1)
FNDA:0,(anonymous_2)
FNDA:0,(anonymous_3)
FNDA:3,(anonymous_4)
FNDA:3,(anonymous_5)
FNDA:3,(anonymous_6)
FNDA:4,(anonymous_7)
DA:6,2
DA:10,0
DA:14,0
DA:18,0
DA:22,3
DA:23,3
DA:25,3
DA:26,5
DA:29,2
DA:30,1
DA:31,1
DA:32,0
DA:34,1
DA:35,1
DA:36,1
DA:41,3
DA:42,3
DA:43,3
DA:44,2
DA:46,1
DA:49,1
DA:50,1
DA:51,1
DA:56,3
DA:57,3
DA:58,3
DA:60,3
DA:61,1
DA:62,1
DA:65,2
DA:66,2
DA:68,1
DA:69,1
DA:72,2
DA:73,2
DA:74,2
DA:79,4
DA:80,4
DA:81,4
DA:83,4
DA:84,1
DA:85,1
DA:88,3
DA:89,2
DA:91,1
DA:92,1
DA:95,3
DA:96,3
DA:97,3
LF:49
LH:45
BRDA:26,0,0,1
BRDA:26,0,1,4
BRDA:30,1,0,1
BRDA:30,1,1,0
BRDA:44,2,0,1
BRDA:44,2,1,1
BRDA:60,3,0,1
BRDA:60,3,1,2
BRDA:60,4,0,3
BRDA:60,4,1,3
BRDA:66,5,0,1
BRDA:66,5,1,1
BRDA:83,6,0,1
BRDA:83,6,1,3
BRDA:89,7,0,1
BRDA:89,7,1,1
BRF:16
BRH:15
end_of_record
TN:
SF:models/userModel.js
FN:4,(anonymous_0)
FN:12,(anonymous_1)
FN:20,(anonymous_2)
FN:44,(anonymous_3)
FNF:4
FNH:4
FNDA:4,(anonymous_0)
FNDA:3,(anonymous_1)
FNDA:4,(anonymous_2)
FNDA:3,(anonymous_3)
DA:5,4
DA:6,4
DA:7,4
DA:8,4
DA:9,1
DA:13,3
DA:14,3
DA:16,3
DA:17,1
DA:21,4
DA:22,4
DA:23,4
DA:24,3
DA:29,3
DA:31,3
DA:32,3
DA:33,1
DA:35,1
DA:40,1
DA:45,3
DA:46,3
DA:47,3
DA:48,2
DA:50,1
DA:51,1
LF:25
LH:25
BRDA:8,0,0,3
BRDA:8,0,1,1
BRDA:16,1,0,2
BRDA:16,1,1,1
BRDA:23,2,0,3
BRDA:23,2,1,1
BRDA:32,3,0,2
BRDA:32,3,1,1
BRF:8
BRH:8
end_of_record
TN:
SF:models/webUserModel.js
FN:7,(anonymous_0)
FN:11,(anonymous_1)
FN:15,(anonymous_2)
FN:19,(anonymous_3)
FN:30,(anonymous_4)
FN:44,(anonymous_5)
FN:51,(anonymous_6)
FN:62,(anonymous_7)
FNF:8
FNH:8
FNDA:1,(anonymous_0)
FNDA:1,(anonymous_1)
FNDA:1,(anonymous_2)
FNDA:2,(anonymous_3)
FNDA:2,(anonymous_4)
FNDA:3,(anonymous_5)
FNDA:2,(anonymous_6)
FNDA:2,(anonymous_7)
DA:5,1
DA:8,1
DA:12,1
DA:16,1
DA:20,2
DA:21,2
DA:22,1
DA:24,1
DA:25,1
DA:26,1
DA:31,2
DA:32,2
DA:33,2
DA:34,1
DA:35,1
DA:36,1
DA:37,1
DA:39,1
DA:40,1
DA:45,3
DA:46,3
DA:47,3
DA:48,2
DA:50,2
DA:51,1
DA:52,2
DA:54,1
DA:55,1
DA:57,1
DA:58,1
DA:63,2
DA:64,2
DA:65,2
DA:66,1
DA:67,1
DA:69,1
DA:70,1
LF:37
LH:37
BRDA:50,0,0,1
BRDA:50,0,1,1
BRF:2
BRH:2
end_of_record
TN:
SF:services/userService.js
FN:4,(anonymous_0)
FN:14,(anonymous_1)
FN:33,(anonymous_2)
FN:37,(anonymous_3)
FN:53,(anonymous_4)
FNF:5
FNH:5
FNDA:9,(anonymous_0)
FNDA:3,(anonymous_1)
FNDA:2,(anonymous_2)
FNDA:3,(anonymous_3)
FNDA:2,(anonymous_4)
DA:5,9
DA:6,9
DA:8,9
DA:9,6
DA:10,1
DA:15,3
DA:16,3
DA:18,1
DA:21,2
DA:23,2
DA:30,2
DA:34,2
DA:38,3
DA:39,3
DA:41,1
DA:44,2
DA:50,2
DA:54,2
LF:18
LH:18
BRDA:8,0,0,3
BRDA:8,0,1,6
BRDA:9,1,0,1
BRDA:9,1,1,5
BRDA:9,2,0,6
BRDA:9,2,1,6
BRDA:9,2,2,6
BRF:7
BRH:7
end_of_record
TN:
SF:services/webUserService.js
FN:6,(anonymous_0)
FN:11,(anonymous_1)
FN:15,(anonymous_2)
FN:19,(anonymous_3)
FN:23,(anonymous_4)
FN:27,(anonymous_5)
FN:31,(anonymous_6)
FN:35,(anonymous_7)
FN:45,(anonymous_8)
FN:46,(anonymous_9)
FN:47,(anonymous_10)
FNF:11
FNH:11
FNDA:1,(anonymous_0)
FNDA:1,(anonymous_1)
FNDA:1,(anonymous_2)
FNDA:1,(anonymous_3)
FNDA:2,(anonymous_4)
FNDA:2,(anonymous_5)
FNDA:1,(anonymous_6)
FNDA:3,(anonymous_7)
FNDA:2,(anonymous_8)
FNDA:2,(anonymous_9)
FNDA:1,(anonymous_10)
DA:7,1
DA:8,1
DA:12,1
DA:16,1
DA:20,1
DA:24,2
DA:28,2
DA:32,1
DA:38,3
DA:45,2
DA:46,2
DA:47,1
DA:49,3
DA:50,2
LF:14
LH:14
BRDA:49,0,0,1
BRDA:49,0,1,2
BRF:2
BRH:2
end_of_record
TN:
SF:utils/errors.js
FN:2,(anonymous_0)
FN:10,(anonymous_1)
FN:18,(anonymous_2)
FN:26,(anonymous_3)
FNF:4
FNH:4
FNDA:10,(anonymous_0)
FNDA:5,(anonymous_1)
FNDA:3,(anonymous_2)
FNDA:2,(anonymous_3)
DA:3,10
DA:4,10
DA:5,10
DA:11,5
DA:12,5
DA:13,5
DA:19,3
DA:20,3
DA:21,3
DA:27,2
DA:28,2
DA:29,2
LF:12
LH:12
BRDA:2,0,0,1
BRDA:10,1,0,4
BRDA:18,2,0,2
BRDA:26,3,0,1
BRF:4
BRH:4
end_of_record
TN:
SF:utils/firebaseConfig.js
FNF:0
FNH:0
DA:4,1
DA:9,1
DA:10,1
LF:3
LH:3
BRF:0
BRH:0
end_of_record
